-------------------------------------------------------------------------------
Test set: TestSuite
-------------------------------------------------------------------------------
Tests run: 4, Failures: 1, Errors: 0, Skipped: 0, Time elapsed: 20.028 s <<< FAILURE! - in TestSuite
com.crowdar.bdd.cukes.TestNGSecuencialRunner.runScenario  Time elapsed: 1.751 s  <<< FAILURE!
java.lang.RuntimeException: the client is not on google page

